#
# There is insufficient memory for the Java Runtime Environment to continue.
# Native memory allocation (mmap) failed to map 134742016 bytes for committing reserved memory.
# Possible reasons:
#   The system is out of physical RAM or swap space
#   In 32 bit mode, the process size limit was hit
# Possible solutions:
#   Reduce memory load on the system
#   Increase physical memory or swap space
#   Check if swap backing store is full
#   Use 64 bit Java on a 64 bit OS
#   Decrease Java heap size (-Xmx/-Xms)
#   Decrease number of Java threads
#   Decrease Java thread stack sizes (-Xss)
#   Set larger code cache with -XX:ReservedCodeCacheSize=
# This output file may be truncated or incomplete.
#
#  Out of Memory Error (os_linux.cpp:2640), pid=7779, tid=0x00007f230befe700
#
# JRE version: Java(TM) SE Runtime Environment (8.0_151-b12) (build 1.8.0_151-b12)
# Java VM: Java HotSpot(TM) 64-Bit Server VM (25.151-b12 mixed mode linux-amd64 compressed oops)
# Failed to write core dump. Core dumps have been disabled. To enable core dumping, try "ulimit -c unlimited" before starting Java again
#

---------------  T H R E A D  ---------------

Current thread (0x00007f2340081000):  VMThread [stack: 0x00007f230bdfe000,0x00007f230beff000] [id=7793]

Stack: [0x00007f230bdfe000,0x00007f230beff000],  sp=0x00007f230befd1a0,  free space=1020k
Native frames: (J=compiled Java code, j=interpreted, Vv=VM code, C=native code)
V  [libjvm.so+0xacb58a]  VMError::report_and_die()+0x2ba
V  [libjvm.so+0x4ff4ab]  report_vm_out_of_memory(char const*, int, unsigned long, VMErrorType, char const*)+0x8b
V  [libjvm.so+0x928113]  os::Linux::commit_memory_impl(char*, unsigned long, bool)+0x103
V  [libjvm.so+0x928669]  os::pd_commit_memory(char*, unsigned long, unsigned long, bool)+0x29
V  [libjvm.so+0x92288a]  os::commit_memory(char*, unsigned long, unsigned long, bool)+0x2a
V  [libjvm.so+0x9973e3]  PSVirtualSpace::expand_by(unsigned long)+0x53
V  [libjvm.so+0x9987e8]  PSYoungGen::resize_generation(unsigned long, unsigned long)+0xf8
V  [libjvm.so+0x997942]  PSYoungGen::resize(unsigned long, unsigned long)+0x22
V  [libjvm.so+0x994c1b]  PSScavenge::invoke_no_policy()+0xf3b
V  [libjvm.so+0x9953a1]  PSScavenge::invoke()+0x41
V  [libjvm.so+0x94c0d0]  ParallelScavengeHeap::failed_mem_allocate(unsigned long)+0x70
V  [libjvm.so+0xaccfa7]  VM_ParallelGCFailedAllocation::doit()+0x97
V  [libjvm.so+0xad4a85]  VM_Operation::evaluate()+0x55
V  [libjvm.so+0xad2e5a]  VMThread::evaluate_operation(VM_Operation*)+0xba
V  [libjvm.so+0xad31de]  VMThread::loop()+0x1ce
V  [libjvm.so+0xad3650]  VMThread::run()+0x70
V  [libjvm.so+0x92a728]  java_start(Thread*)+0x108

VM_Operation (0x00007f23476b7050): ParallelGCFailedAllocation, mode: safepoint, requested by thread 0x00007f234000b000


---------------  P R O C E S S  ---------------

Java Threads: ( => current thread )
  0x00007f23400cb800 JavaThread "Service Thread" daemon [_thread_blocked, id=7801, stack(0x00007f230b40f000,0x00007f230b510000)]
  0x00007f23400c8800 JavaThread "C1 CompilerThread3" daemon [_thread_blocked, id=7800, stack(0x00007f230b510000,0x00007f230b611000)]
  0x00007f23400c6800 JavaThread "C2 CompilerThread2" daemon [_thread_blocked, id=7799, stack(0x00007f230b611000,0x00007f230b712000)]
  0x00007f23400c4800 JavaThread "C2 CompilerThread1" daemon [_thread_blocked, id=7798, stack(0x00007f230b712000,0x00007f230b813000)]
  0x00007f23400c2000 JavaThread "C2 CompilerThread0" daemon [_thread_blocked, id=7797, stack(0x00007f230b813000,0x00007f230b914000)]
  0x00007f23400c0800 JavaThread "Signal Dispatcher" daemon [_thread_blocked, id=7796, stack(0x00007f230b914000,0x00007f230ba15000)]
  0x00007f234008d800 JavaThread "Finalizer" daemon [_thread_blocked, id=7795, stack(0x00007f230bbfc000,0x00007f230bcfd000)]
  0x00007f2340088800 JavaThread "Reference Handler" daemon [_thread_blocked, id=7794, stack(0x00007f230bcfd000,0x00007f230bdfe000)]
  0x00007f234000b000 JavaThread "main" [_thread_blocked, id=7784, stack(0x00007f23475b8000,0x00007f23476b9000)]

Other Threads:
=>0x00007f2340081000 VMThread [stack: 0x00007f230bdfe000,0x00007f230beff000] [id=7793]
  0x00007f23400ce000 WatcherThread [stack: 0x00007f230b30e000,0x00007f230b40f000] [id=7802]

VM state:at safepoint (normal execution)

VM Mutex/Monitor currently owned by a thread:  ([mutex/lock_event])
[0x00007f2340007430] Threads_lock - owner thread: 0x00007f2340081000
[0x00007f2340007930] Heap_lock - owner thread: 0x00007f234000b000

Heap:
 PSYoungGen      total 52224K, used 2320K [0x00000000eab00000, 0x00000000ee880000, 0x0000000100000000)
  eden space 47104K, 0% used [0x00000000eab00000,0x00000000eab00000,0x00000000ed900000)
  from space 5120K, 45% used [0x00000000ed900000,0x00000000edb44040,0x00000000ede00000)
  to   space 5120K, 0% used [0x00000000ede00000,0x00000000ede00000,0x00000000ee300000)
 ParOldGen       total 112128K, used 34853K [0x00000000c0000000, 0x00000000c6d80000, 0x00000000eab00000)
  object space 112128K, 31% used [0x00000000c0000000,0x00000000c2209500,0x00000000c6d80000)
 Metaspace       used 4784K, capacity 5464K, committed 5760K, reserved 1056768K
  class space    used 505K, capacity 528K, committed 640K, reserved 1048576K

Card table byte_map: [0x00007f234419e000,0x00007f234439f000] byte_map_base: 0x00007f2343b9e000

Marking Bits: (ParMarkBitMap*) 0x00007f2346ac9f80
 Begin Bits: [0x00007f2312000000, 0x00007f2313000000)
 End Bits:   [0x00007f2313000000, 0x00007f2314000000)

Polling page: 0x00007f23476ec000

CodeCache: size=245760Kb used=3834Kb max_used=3845Kb free=241925Kb
 bounds [0x00007f2331000000, 0x00007f23313d0000, 0x00007f2340000000]
 total_blobs=1386 nmethods=1112 adapters=188
 compilation: enabled

Compilation events (10 events):
Event: 2,183 Thread 0x00007f23400c4800 nmethod 1104 0x00007f23313c45d0 code [0x00007f23313c4740, 0x00007f23313c4978]
Event: 2,183 Thread 0x00007f23400c4800 1106       4       com.android.dx.io.instructions.InstructionCodec$6::encode (26 bytes)
Event: 2,184 Thread 0x00007f23400c4800 nmethod 1106 0x00007f23313c4b90 code [0x00007f23313c4d00, 0x00007f23313c4e78]
Event: 2,184 Thread 0x00007f23400c4800 1107       4       com.android.dx.io.instructions.DecodedInstruction::getTargetByte (48 bytes)
Event: 2,184 Thread 0x00007f23400c4800 nmethod 1107 0x00007f23313b2c50 code [0x00007f23313b2da0, 0x00007f23313b2e38]
Event: 2,184 Thread 0x00007f23400c4800 1109       4       com.android.dx.io.instructions.InstructionCodec$9::encode (22 bytes)
Event: 2,186 Thread 0x00007f23400c4800 nmethod 1109 0x00007f23313c5050 code [0x00007f23313c51c0, 0x00007f23313c53f8]
Event: 2,186 Thread 0x00007f23400c4800 1116       4       com.android.dx.io.instructions.InstructionCodec$14::encode (29 bytes)
Event: 2,188 Thread 0x00007f23400c4800 nmethod 1116 0x00007f23313c56d0 code [0x00007f23313c5840, 0x00007f23313c5ab8]
Event: 2,188 Thread 0x00007f23400c4800 1121       4       com.android.dex.Dex$Section::readFields (51 bytes)

GC Heap History (10 events):
Event: 1,639 GC heap after
Heap after GC invocations=1 (full 0):
 PSYoungGen      total 36864K, used 5112K [0x00000000eab00000, 0x00000000ed400000, 0x0000000100000000)
  eden space 31744K, 0% used [0x00000000eab00000,0x00000000eab00000,0x00000000eca00000)
  from space 5120K, 99% used [0x00000000eca00000,0x00000000ecefe210,0x00000000ecf00000)
  to   space 5120K, 0% used [0x00000000ecf00000,0x00000000ecf00000,0x00000000ed400000)
 ParOldGen       total 84992K, used 46054K [0x00000000c0000000, 0x00000000c5300000, 0x00000000eab00000)
  object space 84992K, 54% used [0x00000000c0000000,0x00000000c2cf9be0,0x00000000c5300000)
 Metaspace       used 3877K, capacity 4944K, committed 5120K, reserved 1056768K
  class space    used 416K, capacity 456K, committed 512K, reserved 1048576K
}
Event: 1,639 GC heap before
{Heap before GC invocations=2 (full 1):
 PSYoungGen      total 36864K, used 5112K [0x00000000eab00000, 0x00000000ed400000, 0x0000000100000000)
  eden space 31744K, 0% used [0x00000000eab00000,0x00000000eab00000,0x00000000eca00000)
  from space 5120K, 99% used [0x00000000eca00000,0x00000000ecefe210,0x00000000ecf00000)
  to   space 5120K, 0% used [0x00000000ecf00000,0x00000000ecf00000,0x00000000ed400000)
 ParOldGen       total 84992K, used 46054K [0x00000000c0000000, 0x00000000c5300000, 0x00000000eab00000)
  object space 84992K, 54% used [0x00000000c0000000,0x00000000c2cf9be0,0x00000000c5300000)
 Metaspace       used 3877K, capacity 4944K, committed 5120K, reserved 1056768K
  class space    used 416K, capacity 456K, committed 512K, reserved 1048576K
Event: 1,656 GC heap after
Heap after GC invocations=2 (full 1):
 PSYoungGen      total 36864K, used 0K [0x00000000eab00000, 0x00000000ed400000, 0x0000000100000000)
  eden space 31744K, 0% used [0x00000000eab00000,0x00000000eab00000,0x00000000eca00000)
  from space 5120K, 0% used [0x00000000eca00000,0x00000000eca00000,0x00000000ecf00000)
  to   space 5120K, 0% used [0x00000000ecf00000,0x00000000ecf00000,0x00000000ed400000)
 ParOldGen       total 112128K, used 12046K [0x00000000c0000000, 0x00000000c6d80000, 0x00000000eab00000)
  object space 112128K, 10% used [0x00000000c0000000,0x00000000c0bc3af0,0x00000000c6d80000)
 Metaspace       used 3877K, capacity 4944K, committed 5120K, reserved 1056768K
  class space    used 416K, capacity 456K, committed 512K, reserved 1048576K
}
Event: 1,749 GC heap before
{Heap before GC invocations=3 (full 1):
 PSYoungGen      total 36864K, used 31744K [0x00000000eab00000, 0x00000000ed400000, 0x0000000100000000)
  eden space 31744K, 100% used [0x00000000eab00000,0x00000000eca00000,0x00000000eca00000)
  from space 5120K, 0% used [0x00000000eca00000,0x00000000eca00000,0x00000000ecf00000)
  to   space 5120K, 0% used [0x00000000ecf00000,0x00000000ecf00000,0x00000000ed400000)
 ParOldGen       total 112128K, used 12046K [0x00000000c0000000, 0x00000000c6d80000, 0x00000000eab00000)
  object space 112128K, 10% used [0x00000000c0000000,0x00000000c0bc3af0,0x00000000c6d80000)
 Metaspace       used 4068K, capacity 5072K, committed 5376K, reserved 1056768K
  class space    used 427K, capacity 456K, committed 512K, reserved 1048576K
Event: 1,750 GC heap after
Heap after GC invocations=3 (full 1):
 PSYoungGen      total 36864K, used 1248K [0x00000000eab00000, 0x00000000ee000000, 0x0000000100000000)
  eden space 31744K, 0% used [0x00000000eab00000,0x00000000eab00000,0x00000000eca00000)
  from space 5120K, 24% used [0x00000000ecf00000,0x00000000ed038000,0x00000000ed400000)
  to   space 5120K, 0% used [0x00000000eca00000,0x00000000eca00000,0x00000000ecf00000)
 ParOldGen       total 112128K, used 12054K [0x00000000c0000000, 0x00000000c6d80000, 0x00000000eab00000)
  object space 112128K, 10% used [0x00000000c0000000,0x00000000c0bc5af0,0x00000000c6d80000)
 Metaspace       used 4068K, capacity 5072K, committed 5376K, reserved 1056768K
  class space    used 427K, capacity 456K, committed 512K, reserved 1048576K
}
Event: 1,942 GC heap before
{Heap before GC invocations=4 (full 1):
 PSYoungGen      total 36864K, used 32992K [0x00000000eab00000, 0x00000000ee000000, 0x0000000100000000)
  eden space 31744K, 100% used [0x00000000eab00000,0x00000000eca00000,0x00000000eca00000)
  from space 5120K, 24% used [0x00000000ecf00000,0x00000000ed038000,0x00000000ed400000)
  to   space 5120K, 0% used [0x00000000eca00000,0x00000000eca00000,0x00000000ecf00000)
 ParOldGen       total 112128K, used 12054K [0x00000000c0000000, 0x00000000c6d80000, 0x00000000eab00000)
  object space 112128K, 10% used [0x00000000c0000000,0x00000000c0bc5af0,0x00000000c6d80000)
 Metaspace       used 4455K, capacity 5424K, committed 5632K, reserved 1056768K
  class space    used 471K, capacity 488K, committed 512K, reserved 1048576K
Event: 1,945 GC heap after
Heap after GC invocations=4 (full 1):
 PSYoungGen      total 36864K, used 2336K [0x00000000eab00000, 0x00000000ee300000, 0x0000000100000000)
  eden space 31744K, 0% used [0x00000000eab00000,0x00000000eab00000,0x00000000eca00000)
  from space 5120K, 45% used [0x00000000eca00000,0x00000000ecc48018,0x00000000ecf00000)
  to   space 5120K, 0% used [0x00000000ede00000,0x00000000ede00000,0x00000000ee300000)
 ParOldGen       total 112128K, used 12318K [0x00000000c0000000, 0x00000000c6d80000, 0x00000000eab00000)
  object space 112128K, 10% used [0x00000000c0000000,0x00000000c0c07b08,0x00000000c6d80000)
 Metaspace       used 4455K, capacity 5424K, committed 5632K, reserved 1056768K
  class space    used 471K, capacity 488K, committed 512K, reserved 1048576K
}
Event: 2,050 GC heap before
{Heap before GC invocations=5 (full 1):
 PSYoungGen      total 36864K, used 34080K [0x00000000eab00000, 0x00000000ee300000, 0x0000000100000000)
  eden space 31744K, 100% used [0x00000000eab00000,0x00000000eca00000,0x00000000eca00000)
  from space 5120K, 45% used [0x00000000eca00000,0x00000000ecc48018,0x00000000ecf00000)
  to   space 5120K, 0% used [0x00000000ede00000,0x00000000ede00000,0x00000000ee300000)
 ParOldGen       total 112128K, used 12318K [0x00000000c0000000, 0x00000000c6d80000, 0x00000000eab00000)
  object space 112128K, 10% used [0x00000000c0000000,0x00000000c0c07b08,0x00000000c6d80000)
 Metaspace       used 4764K, capacity 5464K, committed 5760K, reserved 1056768K
  class space    used 505K, capacity 528K, committed 640K, reserved 1048576K
Event: 2,056 GC heap after
Heap after GC invocations=5 (full 1):
 PSYoungGen      total 52224K, used 5094K [0x00000000eab00000, 0x00000000ee880000, 0x0000000100000000)
  eden space 47104K, 0% used [0x00000000eab00000,0x00000000eab00000,0x00000000ed900000)
  from space 5120K, 99% used [0x00000000ede00000,0x00000000ee2f9b08,0x00000000ee300000)
  to   space 5120K, 0% used [0x00000000ed900000,0x00000000ed900000,0x00000000ede00000)
 ParOldGen       total 112128K, used 34845K [0x00000000c0000000, 0x00000000c6d80000, 0x00000000eab00000)
  object space 112128K, 31% used [0x00000000c0000000,0x00000000c2207500,0x00000000c6d80000)
 Metaspace       used 4764K, capacity 5464K, committed 5760K, reserved 1056768K
  class space    used 505K, capacity 528K, committed 640K, reserved 1048576K
}
Event: 2,192 GC heap before
{Heap before GC invocations=6 (full 1):
 PSYoungGen      total 52224K, used 52198K [0x00000000eab00000, 0x00000000ee880000, 0x0000000100000000)
  eden space 47104K, 100% used [0x00000000eab00000,0x00000000ed900000,0x00000000ed900000)
  from space 5120K, 99% used [0x00000000ede00000,0x00000000ee2f9b08,0x00000000ee300000)
  to   space 5120K, 0% used [0x00000000ed900000,0x00000000ed900000,0x00000000ede00000)
 ParOldGen       total 112128K, used 34845K [0x00000000c0000000, 0x00000000c6d80000, 0x00000000eab00000)
  object space 112128K, 31% used [0x00000000c0000000,0x00000000c2207500,0x00000000c6d80000)
 Metaspace       used 4784K, capacity 5464K, committed 5760K, reserved 1056768K
  class space    used 505K, capacity 528K, committed 640K, reserved 1048576K

Deoptimization events (10 events):
Event: 1,978 Thread 0x00007f234000b000 Uncommon trap: reason=unstable_if action=reinterpret pc=0x00007f233114ff08 method=java.lang.String.indexOf(II)I @ 49
Event: 1,979 Thread 0x00007f234000b000 Uncommon trap: reason=speculate_class_check action=maybe_recompile pc=0x00007f23312a18b4 method=java.util.HashMap.putVal(ILjava/lang/Object;Ljava/lang/Object;ZZ)Ljava/lang/Object; @ 56
Event: 1,979 Thread 0x00007f234000b000 Uncommon trap: reason=speculate_class_check action=maybe_recompile pc=0x00007f23312a18b4 method=java.util.HashMap.putVal(ILjava/lang/Object;Ljava/lang/Object;ZZ)Ljava/lang/Object; @ 56
Event: 1,979 Thread 0x00007f234000b000 Uncommon trap: reason=speculate_class_check action=maybe_recompile pc=0x00007f23312a18b4 method=java.util.HashMap.putVal(ILjava/lang/Object;Ljava/lang/Object;ZZ)Ljava/lang/Object; @ 56
Event: 1,980 Thread 0x00007f234000b000 Uncommon trap: reason=speculate_class_check action=maybe_recompile pc=0x00007f23312a1904 method=java.util.HashMap.putVal(ILjava/lang/Object;Ljava/lang/Object;ZZ)Ljava/lang/Object; @ 152
Event: 1,980 Thread 0x00007f234000b000 Uncommon trap: reason=speculate_class_check action=maybe_recompile pc=0x00007f23312a1904 method=java.util.HashMap.putVal(ILjava/lang/Object;Ljava/lang/Object;ZZ)Ljava/lang/Object; @ 152
Event: 2,036 Thread 0x00007f234000b000 Uncommon trap: reason=unstable_if action=reinterpret pc=0x00007f2331220440 method=com.android.dx.merge.DexMerger$IdMerger.readIntoMap(Lcom/android/dex/Dex$Section;Lcom/android/dex/TableOfContents$Section;Lcom/android/dx/merge/IndexMap;ILjava/util/TreeMap;
Event: 2,036 Thread 0x00007f234000b000 Uncommon trap: reason=unstable_if action=reinterpret pc=0x00007f23311db97c method=com.android.dex.Mutf8.countBytes(Ljava/lang/String;Z)J @ 28
Event: 2,036 Thread 0x00007f234000b000 Uncommon trap: reason=unstable_if action=reinterpret pc=0x00007f23311b9a80 method=com.android.dex.Mutf8.encode([BILjava/lang/String;)V @ 24
Event: 2,088 Thread 0x00007f234000b000 Uncommon trap: reason=unloaded action=reinterpret pc=0x00007f233135035c method=com.android.dx.merge.IndexMap$EncodedValueTransformer.transform(Lcom/android/dex/EncodedValueReader;)V @ 232

Internal exceptions (3 events):
Event: 0,526 Thread 0x00007f234000b000 Exception <a 'java/lang/NoSuchMethodError': Method sun.misc.Unsafe.defineClass(Ljava/lang/String;[BII)Ljava/lang/Class; name or signature does not match> (0x00000000eab07ca8) thrown at [/HUDSON/workspace/8-2-build-linux-amd64/jdk8u151/9699/hotspot/src/sha
Event: 0,526 Thread 0x00007f234000b000 Exception <a 'java/lang/NoSuchMethodError': Method sun.misc.Unsafe.prefetchRead(Ljava/lang/Object;J)V name or signature does not match> (0x00000000eab07f90) thrown at [/HUDSON/workspace/8-2-build-linux-amd64/jdk8u151/9699/hotspot/src/share/vm/prims/jni.cp
Event: 2,036 Thread 0x00007f234000b000 Implicit null exception at 0x00007f233121fe74 to 0x00007f2331220419

Events (10 events):
Event: 2,036 Thread 0x00007f234000b000 DEOPT PACKING pc=0x00007f23311b9a80 sp=0x00007f23476b7330
Event: 2,036 Thread 0x00007f234000b000 DEOPT UNPACKING pc=0x00007f2331005229 sp=0x00007f23476b7300 mode 2
Event: 2,050 Executing VM operation: ParallelGCFailedAllocation
Event: 2,056 Executing VM operation: ParallelGCFailedAllocation done
Event: 2,088 Thread 0x00007f234000b000 Uncommon trap: trap_request=0x0000006a fr.pc=0x00007f233135035c
Event: 2,088 Thread 0x00007f234000b000 DEOPT PACKING pc=0x00007f233135035c sp=0x00007f23476b7370
Event: 2,088 Thread 0x00007f234000b000 DEOPT UNPACKING pc=0x00007f2331005229 sp=0x00007f23476b7360 mode 2
Event: 2,094 loading class java/util/Collections$EmptyIterator
Event: 2,141 loading class java/util/Collections$EmptyIterator done
Event: 2,192 Executing VM operation: ParallelGCFailedAllocation


Dynamic libraries:
00400000-00401000 r-xp 00000000 08:0a 2622478                            /usr/lib/jvm/java-8-oracle/bin/java
00600000-00601000 rw-p 00000000 08:0a 2622478                            /usr/lib/jvm/java-8-oracle/bin/java
00ebb000-00edc000 rw-p 00000000 00:00 0                                  [heap]
c0000000-c6d80000 rw-p 00000000 00:00 0 
c6d80000-eab00000 ---p 00000000 00:00 0 
eab00000-ee880000 rw-p 00000000 00:00 0 
f6900000-100000000 ---p 00000000 00:00 0 
100000000-1000a0000 rw-p 00000000 00:00 0 
1000a0000-140000000 ---p 00000000 00:00 0 
7f22dc000000-7f22dc021000 rw-p 00000000 00:00 0 
7f22dc021000-7f22e0000000 ---p 00000000 00:00 0 
7f22e4000000-7f22e44d9000 rw-p 00000000 00:00 0 
7f22e44d9000-7f22e8000000 ---p 00000000 00:00 0 
7f22e8000000-7f22e8021000 rw-p 00000000 00:00 0 
7f22e8021000-7f22ec000000 ---p 00000000 00:00 0 
7f22ec000000-7f22ec5ab000 rw-p 00000000 00:00 0 
7f22ec5ab000-7f22f0000000 ---p 00000000 00:00 0 
7f22f0000000-7f22f0a4d000 rw-p 00000000 00:00 0 
7f22f0a4d000-7f22f4000000 ---p 00000000 00:00 0 
7f22f4000000-7f22f4021000 rw-p 00000000 00:00 0 
7f22f4021000-7f22f8000000 ---p 00000000 00:00 0 
7f22f8000000-7f22f8f4e000 rw-p 00000000 00:00 0 
7f22f8f4e000-7f22fc000000 ---p 00000000 00:00 0 
7f22fc000000-7f22fc021000 rw-p 00000000 00:00 0 
7f22fc021000-7f2300000000 ---p 00000000 00:00 0 
7f2300000000-7f2300021000 rw-p 00000000 00:00 0 
7f2300021000-7f2304000000 ---p 00000000 00:00 0 
7f2304000000-7f2304290000 rw-p 00000000 00:00 0 
7f2304290000-7f2308000000 ---p 00000000 00:00 0 
7f230b30e000-7f230b30f000 ---p 00000000 00:00 0 
7f230b30f000-7f230b40f000 rw-p 00000000 00:00 0 
7f230b40f000-7f230b412000 ---p 00000000 00:00 0 
7f230b412000-7f230b510000 rw-p 00000000 00:00 0 
7f230b510000-7f230b513000 ---p 00000000 00:00 0 
7f230b513000-7f230b611000 rw-p 00000000 00:00 0 
7f230b611000-7f230b614000 ---p 00000000 00:00 0 
7f230b614000-7f230b712000 rw-p 00000000 00:00 0 
7f230b712000-7f230b715000 ---p 00000000 00:00 0 
7f230b715000-7f230b813000 rw-p 00000000 00:00 0 
7f230b813000-7f230b816000 ---p 00000000 00:00 0 
7f230b816000-7f230b914000 rw-p 00000000 00:00 0 
7f230b914000-7f230b917000 ---p 00000000 00:00 0 
7f230b917000-7f230ba15000 rw-p 00000000 00:00 0 
7f230ba15000-7f230bbfc000 r--p 00000000 08:0a 2229348                    /usr/lib/locale/locale-archive
7f230bbfc000-7f230bbff000 ---p 00000000 00:00 0 
7f230bbff000-7f230bcfd000 rw-p 00000000 00:00 0 
7f230bcfd000-7f230bd00000 ---p 00000000 00:00 0 
7f230bd00000-7f230bdfe000 rw-p 00000000 00:00 0 
7f230bdfe000-7f230bdff000 ---p 00000000 00:00 0 
7f230bdff000-7f230c000000 rw-p 00000000 00:00 0 
7f230c000000-7f230c021000 rw-p 00000000 00:00 0 
7f230c021000-7f2310000000 ---p 00000000 00:00 0 
7f231007f000-7f2310086000 r--s 00000000 08:0a 2116837                    /usr/lib/x86_64-linux-gnu/gconv/gconv-modules.cache
7f2310086000-7f2311800000 rw-p 00000000 00:00 0 
7f2311800000-7f2311d00000 rw-p 00000000 00:00 0 
7f2311d00000-7f2312000000 ---p 00000000 00:00 0 
7f2312000000-7f2314000000 rw-p 00000000 00:00 0 
7f2314000000-7f2314021000 rw-p 00000000 00:00 0 
7f2314021000-7f2318000000 ---p 00000000 00:00 0 
7f2318000000-7f2318021000 rw-p 00000000 00:00 0 
7f2318021000-7f231c000000 ---p 00000000 00:00 0 
7f231c000000-7f231c021000 rw-p 00000000 00:00 0 
7f231c021000-7f2320000000 ---p 00000000 00:00 0 
7f2320000000-7f2320021000 rw-p 00000000 00:00 0 
7f2320021000-7f2324000000 ---p 00000000 00:00 0 
7f2324000000-7f2324021000 rw-p 00000000 00:00 0 
7f2324021000-7f2328000000 ---p 00000000 00:00 0 
7f2328000000-7f2328021000 rw-p 00000000 00:00 0 
7f2328021000-7f232c000000 ---p 00000000 00:00 0 
7f232c000000-7f232c021000 rw-p 00000000 00:00 0 
7f232c021000-7f2330000000 ---p 00000000 00:00 0 
7f2330006000-7f2330015000 r--p 00000000 08:0a 2099389                    /usr/share/locale/pt_BR/LC_MESSAGES/libc.mo
7f2330015000-7f23303a9000 rw-p 00000000 00:00 0 
7f23303a9000-7f2330582000 r--s 03d5a000 08:0a 2625577                    /usr/lib/jvm/java-8-oracle/jre/lib/rt.jar
7f2330582000-7f23305f8000 rw-p 00000000 00:00 0 
7f23305f8000-7f23307f8000 rw-p 00000000 00:00 0 
7f23307f8000-7f23307f9000 ---p 00000000 00:00 0 
7f23307f9000-7f23308f9000 rw-p 00000000 00:00 0 
7f23308f9000-7f23308fa000 ---p 00000000 00:00 0 
7f23308fa000-7f23309fa000 rw-p 00000000 00:00 0 
7f23309fa000-7f23309fb000 ---p 00000000 00:00 0 
7f23309fb000-7f2330afb000 rw-p 00000000 00:00 0 
7f2330afb000-7f2330afc000 ---p 00000000 00:00 0 
7f2330afc000-7f2330bfc000 rw-p 00000000 00:00 0 
7f2330bfc000-7f2330bfd000 ---p 00000000 00:00 0 
7f2330bfd000-7f2330cfd000 rw-p 00000000 00:00 0 
7f2330cfd000-7f2330cfe000 ---p 00000000 00:00 0 
7f2330cfe000-7f2330dfe000 rw-p 00000000 00:00 0 
7f2330dfe000-7f2330dff000 ---p 00000000 00:00 0 
7f2330dff000-7f2330eff000 rw-p 00000000 00:00 0 
7f2330eff000-7f2330f00000 ---p 00000000 00:00 0 
7f2330f00000-7f2331000000 rw-p 00000000 00:00 0 
7f2331000000-7f23313d0000 rwxp 00000000 00:00 0 
7f23313d0000-7f2340000000 ---p 00000000 00:00 0 
7f2340000000-7f23403ae000 rw-p 00000000 00:00 0 
7f23403ae000-7f2344000000 ---p 00000000 00:00 0 
7f2344006000-7f2344048000 rw-p 00000000 00:00 0 
7f2344048000-7f234407f000 rw-p 00000000 00:00 0 
7f234407f000-7f234419e000 ---p 00000000 00:00 0 
7f234419e000-7f23441d5000 rw-p 00000000 00:00 0 
7f23441d5000-7f23442f3000 ---p 00000000 00:00 0 
7f23442f3000-7f2344313000 rw-p 00000000 00:00 0 
7f2344313000-7f234439e000 ---p 00000000 00:00 0 
7f234439e000-7f23443af000 rw-p 00000000 00:00 0 
7f23443af000-7f234475f000 ---p 00000000 00:00 0 
7f234475f000-7f234477a000 r-xp 00000000 08:0a 2626570                    /usr/lib/jvm/java-8-oracle/jre/lib/amd64/libzip.so
7f234477a000-7f234497a000 ---p 0001b000 08:0a 2626570                    /usr/lib/jvm/java-8-oracle/jre/lib/amd64/libzip.so
7f234497a000-7f234497b000 rw-p 0001b000 08:0a 2626570                    /usr/lib/jvm/java-8-oracle/jre/lib/amd64/libzip.so
7f234497b000-7f2344985000 r-xp 00000000 08:05 260031                     /lib/x86_64-linux-gnu/libnss_files-2.24.so
7f2344985000-7f2344b85000 ---p 0000a000 08:05 260031                     /lib/x86_64-linux-gnu/libnss_files-2.24.so
7f2344b85000-7f2344b86000 r--p 0000a000 08:05 260031                     /lib/x86_64-linux-gnu/libnss_files-2.24.so
7f2344b86000-7f2344b87000 rw-p 0000b000 08:05 260031                     /lib/x86_64-linux-gnu/libnss_files-2.24.so
7f2344b87000-7f2344b8d000 rw-p 00000000 00:00 0 
7f2344b8d000-7f2344b98000 r-xp 00000000 08:05 260189                     /lib/x86_64-linux-gnu/libnss_nis-2.24.so
7f2344b98000-7f2344d97000 ---p 0000b000 08:05 260189                     /lib/x86_64-linux-gnu/libnss_nis-2.24.so
7f2344d97000-7f2344d98000 r--p 0000a000 08:05 260189                     /lib/x86_64-linux-gnu/libnss_nis-2.24.so
7f2344d98000-7f2344d99000 rw-p 0000b000 08:05 260189                     /lib/x86_64-linux-gnu/libnss_nis-2.24.so
7f2344d99000-7f2344dad000 r-xp 00000000 08:05 259797                     /lib/x86_64-linux-gnu/libnsl-2.24.so
7f2344dad000-7f2344fad000 ---p 00014000 08:05 259797                     /lib/x86_64-linux-gnu/libnsl-2.24.so
7f2344fad000-7f2344fae000 r--p 00014000 08:05 259797                     /lib/x86_64-linux-gnu/libnsl-2.24.so
7f2344fae000-7f2344faf000 rw-p 00015000 08:05 259797                     /lib/x86_64-linux-gnu/libnsl-2.24.so
7f2344faf000-7f2344fb1000 rw-p 00000000 00:00 0 
7f2344fb1000-7f2344fb8000 r-xp 00000000 08:05 259816                     /lib/x86_64-linux-gnu/libnss_compat-2.24.so
7f2344fb8000-7f23451b7000 ---p 00007000 08:05 259816                     /lib/x86_64-linux-gnu/libnss_compat-2.24.so
7f23451b7000-7f23451b8000 r--p 00006000 08:05 259816                     /lib/x86_64-linux-gnu/libnss_compat-2.24.so
7f23451b8000-7f23451b9000 rw-p 00007000 08:05 259816                     /lib/x86_64-linux-gnu/libnss_compat-2.24.so
7f23451b9000-7f23451e4000 r-xp 00000000 08:0a 2626535                    /usr/lib/jvm/java-8-oracle/jre/lib/amd64/libjava.so
7f23451e4000-7f23453e3000 ---p 0002b000 08:0a 2626535                    /usr/lib/jvm/java-8-oracle/jre/lib/amd64/libjava.so
7f23453e3000-7f23453e5000 rw-p 0002a000 08:0a 2626535                    /usr/lib/jvm/java-8-oracle/jre/lib/amd64/libjava.so
7f23453e5000-7f23453f2000 r-xp 00000000 08:0a 2626545                    /usr/lib/jvm/java-8-oracle/jre/lib/amd64/libverify.so
7f23453f2000-7f23455f2000 ---p 0000d000 08:0a 2626545                    /usr/lib/jvm/java-8-oracle/jre/lib/amd64/libverify.so
7f23455f2000-7f23455f4000 rw-p 0000d000 08:0a 2626545                    /usr/lib/jvm/java-8-oracle/jre/lib/amd64/libverify.so
7f23455f4000-7f23455fb000 r-xp 00000000 08:05 260197                     /lib/x86_64-linux-gnu/librt-2.24.so
7f23455fb000-7f23457fa000 ---p 00007000 08:05 260197                     /lib/x86_64-linux-gnu/librt-2.24.so
7f23457fa000-7f23457fb000 r--p 00006000 08:05 260197                     /lib/x86_64-linux-gnu/librt-2.24.so
7f23457fb000-7f23457fc000 rw-p 00007000 08:05 260197                     /lib/x86_64-linux-gnu/librt-2.24.so
7f23457fc000-7f23458ff000 r-xp 00000000 08:05 259620                     /lib/x86_64-linux-gnu/libm-2.24.so
7f23458ff000-7f2345afe000 ---p 00103000 08:05 259620                     /lib/x86_64-linux-gnu/libm-2.24.so
7f2345afe000-7f2345aff000 r--p 00102000 08:05 259620                     /lib/x86_64-linux-gnu/libm-2.24.so
7f2345aff000-7f2345b00000 rw-p 00103000 08:05 259620                     /lib/x86_64-linux-gnu/libm-2.24.so
7f2345b00000-7f23467d3000 r-xp 00000000 08:0a 2630559                    /usr/lib/jvm/java-8-oracle/jre/lib/amd64/server/libjvm.so
7f23467d3000-7f23469d2000 ---p 00cd3000 08:0a 2630559                    /usr/lib/jvm/java-8-oracle/jre/lib/amd64/server/libjvm.so
7f23469d2000-7f2346aac000 rw-p 00cd2000 08:0a 2630559                    /usr/lib/jvm/java-8-oracle/jre/lib/amd64/server/libjvm.so
7f2346aac000-7f2346af7000 rw-p 00000000 00:00 0 
7f2346af7000-7f2346c8c000 r-xp 00000000 08:05 259476                     /lib/x86_64-linux-gnu/libc-2.24.so
7f2346c8c000-7f2346e8c000 ---p 00195000 08:05 259476                     /lib/x86_64-linux-gnu/libc-2.24.so
7f2346e8c000-7f2346e90000 r--p 00195000 08:05 259476                     /lib/x86_64-linux-gnu/libc-2.24.so
7f2346e90000-7f2346e92000 rw-p 00199000 08:05 259476                     /lib/x86_64-linux-gnu/libc-2.24.so
7f2346e92000-7f2346e96000 rw-p 00000000 00:00 0 
7f2346e96000-7f2346e99000 r-xp 00000000 08:05 259616                     /lib/x86_64-linux-gnu/libdl-2.24.so
7f2346e99000-7f2347098000 ---p 00003000 08:05 259616                     /lib/x86_64-linux-gnu/libdl-2.24.so
7f2347098000-7f2347099000 r--p 00002000 08:05 259616                     /lib/x86_64-linux-gnu/libdl-2.24.so
7f2347099000-7f234709a000 rw-p 00003000 08:05 259616                     /lib/x86_64-linux-gnu/libdl-2.24.so
7f234709a000-7f23470b0000 r-xp 00000000 08:0a 2625457                    /usr/lib/jvm/java-8-oracle/lib/amd64/jli/libjli.so
7f23470b0000-7f23472af000 ---p 00016000 08:0a 2625457                    /usr/lib/jvm/java-8-oracle/lib/amd64/jli/libjli.so
7f23472af000-7f23472b0000 rw-p 00015000 08:0a 2625457                    /usr/lib/jvm/java-8-oracle/lib/amd64/jli/libjli.so
7f23472b0000-7f23472c8000 r-xp 00000000 08:05 260195                     /lib/x86_64-linux-gnu/libpthread-2.24.so
7f23472c8000-7f23474c7000 ---p 00018000 08:05 260195                     /lib/x86_64-linux-gnu/libpthread-2.24.so
7f23474c7000-7f23474c8000 r--p 00017000 08:05 260195                     /lib/x86_64-linux-gnu/libpthread-2.24.so
7f23474c8000-7f23474c9000 rw-p 00018000 08:05 260195                     /lib/x86_64-linux-gnu/libpthread-2.24.so
7f23474c9000-7f23474cd000 rw-p 00000000 00:00 0 
7f23474cd000-7f23474f0000 r-xp 00000000 08:05 258850                     /lib/x86_64-linux-gnu/ld-2.24.so
7f23474f3000-7f23475b8000 rw-p 00000000 00:00 0 
7f23475b8000-7f23475bb000 ---p 00000000 00:00 0 
7f23475bb000-7f23476bb000 rw-p 00000000 00:00 0 
7f23476bc000-7f23476c1000 r--s 0009a000 08:0a 2625582                    /usr/lib/jvm/java-8-oracle/jre/lib/jsse.jar
7f23476c1000-7f23476cf000 r--s 000e0000 08:09 3805781                    /home/tiago/Android/Sdk/build-tools/25.0.0/lib/dx.jar
7f23476cf000-7f23476e3000 rw-p 00000000 00:00 0 
7f23476e3000-7f23476eb000 rw-s 00000000 08:05 161558                     /tmp/hsperfdata_tiago/7779
7f23476eb000-7f23476ec000 rw-p 00000000 00:00 0 
7f23476ec000-7f23476ed000 ---p 00000000 00:00 0 
7f23476ed000-7f23476f0000 rw-p 00000000 00:00 0 
7f23476f0000-7f23476f1000 r--p 00023000 08:05 258850                     /lib/x86_64-linux-gnu/ld-2.24.so
7f23476f1000-7f23476f2000 rw-p 00024000 08:05 258850                     /lib/x86_64-linux-gnu/ld-2.24.so
7f23476f2000-7f23476f3000 rw-p 00000000 00:00 0 
7fff3f899000-7fff3f8bb000 rw-p 00000000 00:00 0                          [stack]
7fff3f938000-7fff3f93a000 r--p 00000000 00:00 0                          [vvar]
7fff3f93a000-7fff3f93c000 r-xp 00000000 00:00 0                          [vdso]
ffffffffff600000-ffffffffff601000 r-xp 00000000 00:00 0                  [vsyscall]

VM Arguments:
jvm_args: -Djava.awt.headless=true -Xmx1024M -Dfile.encoding=UTF-8 -Duser.country=BR -Duser.language=pt -Duser.variant 
java_command: com.android.dx.command.Main --dex --num-threads=4 --output /home/tiago/works/Dedos/app/build/intermediates/transforms/dex/debug/folders/1000/1f/main /home/tiago/works/Dedos/app/build/intermediates/pre-dexed/debug/classes_e2b2b8713e1e28752254db8ef792c7bfb22f1947.jar /home/tiago/works/Dedos/app/build/intermediates/pre-dexed/debug/classes_d27d1e73726ade88a8e0def1dbf08a5375acf05a.jar /home/tiago/works/Dedos/app/build/intermediates/pre-dexed/debug/classes_5f4b91fd243c6fc669fa254f8f0a2f3a0cef8ffb.jar /home/tiago/works/Dedos/app/build/intermediates/pre-dexed/debug/support-annotations-24.0.0_36598859872599eac80aa85a3e8957031954202e.jar /home/tiago/works/Dedos/app/build/intermediates/pre-dexed/debug/hamcrest-core-1.3_565b8b21f88abaf92da2e8e63c3556c76be0fc43.jar /home/tiago/works/Dedos/app/build/intermediates/pre-dexed/debug/gson-2.7_c093b6db0e31338244a3efcf92c69e0cf1be59a4.jar /home/tiago/works/Dedos/app/build/intermediates/pre-dexed/debug/classes_27e82aa334b17d400d78d97c2a7af323063d05a4.jar /home/tiago/works/Dedos/app/build/intermediates/pre-dexed/debug/classes_2579b80ceca68762ceedff5d4442ba06b78bbbec.jar /home/tiago/works/Dedos/app/build/intermediates/pre-dexed/debug/commons-lang3-3.3.2_383cc18f54a124b50d2ab17cdd52ed50260b2c1c.jar /home/tiago/works/Dedos/app/build/intermediates/pre-dexed/debug/internal_impl-24.0.0_29436a376211907fe8828377d4173d66c24de11d.jar /home/tiago/works/Dedos/app/build/intermediates/pre-dexed/debug/junit-4.12_519f435d63a1f6ead8e9f17ac5e6a21400402037.jar /home/tiago/works/Dedos/app/build/intermediates/pre-dexed/debug/okio-1.11.0_a22c4aa11a56835ee80e76bb1af784307921eddb.jar /home/tiago/works/Dedos/app/build/intermediates/pre-dexed/debug/classes_eeb2cf8098a8d719c1509454bf7f3a26e59fd6ce.jar /home/tiago/works/Dedos/app/build/intermediates/pre-dexed/debug/okhttp-3.5.0_3b29914ede9aaf6109d0a2e1df40b9722037ae36.jar /home/tiago/works/Dedos/app/build/intermediates/pre-dexed/debug/classes_bbcc9c990067e2a582e50ea0724bc10f8fdb2a8b.jar /home/tiago/w
java_class_path (initial): /home/tiago/Android/Sdk/build-tools/25.0.0/lib/dx.jar
Launcher Type: SUN_STANDARD

Environment Variables:
PATH=/home/tiago/.nvm/versions/node/v6.12.0/bin:/usr/local/bin:/usr/bin:/bin:/usr/local/games:/usr/games
LD_LIBRARY_PATH=/home/tiago/android-studio/bin:
SHELL=/bin/bash
DISPLAY=:0

Signal Handlers:
SIGSEGV: [libjvm.so+0xacbe10], sa_mask[0]=11111111011111111101111111111110, sa_flags=SA_RESTART|SA_SIGINFO
SIGBUS: [libjvm.so+0xacbe10], sa_mask[0]=11111111011111111101111111111110, sa_flags=SA_RESTART|SA_SIGINFO
SIGFPE: [libjvm.so+0x924f90], sa_mask[0]=11111111011111111101111111111110, sa_flags=SA_RESTART|SA_SIGINFO
SIGPIPE: [libjvm.so+0x924f90], sa_mask[0]=11111111011111111101111111111110, sa_flags=SA_RESTART|SA_SIGINFO
SIGXFSZ: [libjvm.so+0x924f90], sa_mask[0]=11111111011111111101111111111110, sa_flags=SA_RESTART|SA_SIGINFO
SIGILL: [libjvm.so+0x924f90], sa_mask[0]=11111111011111111101111111111110, sa_flags=SA_RESTART|SA_SIGINFO
SIGUSR1: SIG_DFL, sa_mask[0]=00000000000000000000000000000000, sa_flags=none
SIGUSR2: [libjvm.so+0x9267d0], sa_mask[0]=00100000000000000000000000000000, sa_flags=SA_RESTART|SA_SIGINFO
SIGHUP: [libjvm.so+0x927bd0], sa_mask[0]=11111111011111111101111111111110, sa_flags=SA_RESTART|SA_SIGINFO
SIGINT: [libjvm.so+0x927bd0], sa_mask[0]=11111111011111111101111111111110, sa_flags=SA_RESTART|SA_SIGINFO
SIGTERM: [libjvm.so+0x927bd0], sa_mask[0]=11111111011111111101111111111110, sa_flags=SA_RESTART|SA_SIGINFO
SIGQUIT: [libjvm.so+0x927bd0], sa_mask[0]=11111111011111111101111111111110, sa_flags=SA_RESTART|SA_SIGINFO


---------------  S Y S T E M  ---------------

OS:PRETTY_NAME="Debian GNU/Linux 9 (stretch)"
NAME="Debian GNU/Linux"
VERSION_ID="9"
VERSION="9 (stretch)"
ID=debian
HOME_URL="https://www.debian.org/"
SUPPORT_URL="https://www.debian.org/support"
BUG_REPORT_URL="https://bugs.debian.org/"

uname:Linux 4.9.0-5-amd64 #1 SMP Debian 4.9.65-3+deb9u2 (2018-01-04) x86_64
libc:glibc 2.24 NPTL 2.24 
rlimit: STACK 8192k, CORE 0k, NPROC 31513, NOFILE 4096, AS infinity
load average:4,08 1,67 1,10

/proc/meminfo:
MemTotal:        8090116 kB
MemFree:          120332 kB
MemAvailable:      49236 kB
Buffers:            1752 kB
Cached:          1224216 kB
SwapCached:            0 kB
Active:          6431480 kB
Inactive:        1180632 kB
Active(anon):    6406380 kB
Inactive(anon):  1152036 kB
Active(file):      25100 kB
Inactive(file):    28596 kB
Unevictable:        5148 kB
Mlocked:            5148 kB
SwapTotal:             0 kB
SwapFree:              0 kB
Dirty:               892 kB
Writeback:             0 kB
AnonPages:       6391392 kB
Mapped:           786912 kB
Shmem:           1168532 kB
Slab:             153576 kB
SReclaimable:      73916 kB
SUnreclaim:        79660 kB
KernelStack:       17168 kB
PageTables:        75860 kB
NFS_Unstable:          0 kB
Bounce:                0 kB
WritebackTmp:          0 kB
CommitLimit:     4045056 kB
Committed_AS:   15233304 kB
VmallocTotal:   34359738367 kB
VmallocUsed:           0 kB
VmallocChunk:          0 kB
HardwareCorrupted:     0 kB
AnonHugePages:         0 kB
ShmemHugePages:        0 kB
ShmemPmdMapped:        0 kB
HugePages_Total:       0
HugePages_Free:        0
HugePages_Rsvd:        0
HugePages_Surp:        0
Hugepagesize:       2048 kB
DirectMap4k:     1101076 kB
DirectMap2M:     7198720 kB
DirectMap1G:     1048576 kB


CPU:total 8 (initial active 8) (4 cores per cpu, 2 threads per core) family 6 model 60 stepping 3, cmov, cx8, fxsr, mmx, sse, sse2, sse3, ssse3, sse4.1, sse4.2, popcnt, avx, avx2, aes, clmul, erms, lzcnt, ht, tsc, tscinvbit, bmi1, bmi2

/proc/cpuinfo:
processor	: 0
vendor_id	: GenuineIntel
cpu family	: 6
model		: 60
model name	: Intel(R) Core(TM) i7-4790S CPU @ 3.20GHz
stepping	: 3
microcode	: 0x1d
cpu MHz		: 1467.968
cache size	: 8192 KB
physical id	: 0
siblings	: 8
core id		: 0
cpu cores	: 4
apicid		: 0
initial apicid	: 0
fpu		: yes
fpu_exception	: yes
cpuid level	: 13
wp		: yes
flags		: fpu vme de pse tsc msr pae mce cx8 apic sep mtrr pge mca cmov pat pse36 clflush dts acpi mmx fxsr sse sse2 ss ht tm pbe syscall nx pdpe1gb rdtscp lm constant_tsc arch_perfmon pebs bts rep_good nopl xtopology nonstop_tsc aperfmperf eagerfpu pni pclmulqdq dtes64 monitor ds_cpl vmx smx est tm2 ssse3 sdbg fma cx16 xtpr pdcm pcid sse4_1 sse4_2 x2apic movbe popcnt tsc_deadline_timer aes xsave avx f16c rdrand lahf_lm abm epb invpcid_single kaiser tpr_shadow vnmi flexpriority ept vpid fsgsbase tsc_adjust bmi1 avx2 smep bmi2 erms invpcid xsaveopt dtherm ida arat pln pts
bugs		:
bogomips	: 6385.37
clflush size	: 64
cache_alignment	: 64
address sizes	: 39 bits physical, 48 bits virtual
power management:

processor	: 1
vendor_id	: GenuineIntel
cpu family	: 6
model		: 60
model name	: Intel(R) Core(TM) i7-4790S CPU @ 3.20GHz
stepping	: 3
microcode	: 0x1d
cpu MHz		: 2955.078
cache size	: 8192 KB
physical id	: 0
siblings	: 8
core id		: 1
cpu cores	: 4
apicid		: 2
initial apicid	: 2
fpu		: yes
fpu_exception	: yes
cpuid level	: 13
wp		: yes
flags		: fpu vme de pse tsc msr pae mce cx8 apic sep mtrr pge mca cmov pat pse36 clflush dts acpi mmx fxsr sse sse2 ss ht tm pbe syscall nx pdpe1gb rdtscp lm constant_tsc arch_perfmon pebs bts rep_good nopl xtopology nonstop_tsc aperfmperf eagerfpu pni pclmulqdq dtes64 monitor ds_cpl vmx smx est tm2 ssse3 sdbg fma cx16 xtpr pdcm pcid sse4_1 sse4_2 x2apic movbe popcnt tsc_deadline_timer aes xsave avx f16c rdrand lahf_lm abm epb invpcid_single kaiser tpr_shadow vnmi flexpriority ept vpid fsgsbase tsc_adjust bmi1 avx2 smep bmi2 erms invpcid xsaveopt dtherm ida arat pln pts
bugs		:
bogomips	: 6385.37
clflush size	: 64
cache_alignment	: 64
address sizes	: 39 bits physical, 48 bits virtual
power management:

processor	: 2
vendor_id	: GenuineIntel
cpu family	: 6
model		: 60
model name	: Intel(R) Core(TM) i7-4790S CPU @ 3.20GHz
stepping	: 3
microcode	: 0x1d
cpu MHz		: 2114.453
cache size	: 8192 KB
physical id	: 0
siblings	: 8
core id		: 2
cpu cores	: 4
apicid		: 4
initial apicid	: 4
fpu		: yes
fpu_exception	: yes
cpuid level	: 13
wp		: yes
flags		: fpu vme de pse tsc msr pae mce cx8 apic sep mtrr pge mca cmov pat pse36 clflush dts acpi mmx fxsr sse sse2 ss ht tm pbe syscall nx pdpe1gb rdtscp lm constant_tsc arch_perfmon pebs bts rep_good nopl xtopology nonstop_tsc aperfmperf eagerfpu pni pclmulqdq dtes64 monitor ds_cpl vmx smx est tm2 ssse3 sdbg fma cx16 xtpr pdcm pcid sse4_1 sse4_2 x2apic movbe popcnt tsc_deadline_timer aes xsave avx f16c rdrand lahf_lm abm epb invpcid_single kaiser tpr_shadow vnmi flexpriority ept vpid fsgsbase tsc_adjust bmi1 avx2 smep bmi2 erms invpcid xsaveopt dtherm ida arat pln pts
bugs		:
bogomips	: 6385.37
clflush size	: 64
cache_alignment	: 64
address sizes	: 39 bits physical, 48 bits virtual
power management:

processor	: 3
vendor_id	: GenuineIntel
cpu family	: 6
model		: 60
model name	: Intel(R) Core(TM) i7-4790S CPU @ 3.20GHz
stepping	: 3
microcode	: 0x1d
cpu MHz		: 1612.695
cache size	: 8192 KB
physical id	: 0
siblings	: 8
core id		: 3
cpu cores	: 4
apicid		: 6
initial apicid	: 6
fpu		: yes
fpu_exception	: yes
cpuid level	: 13
wp		: yes
flags		: fpu vme de pse tsc msr pae mce cx8 apic sep mtrr pge mca cmov pat pse36 clflush dts acpi mmx fxsr sse sse2 ss ht tm pbe syscall nx pdpe1gb rdtscp lm constant_tsc arch_perfmon pebs bts rep_good nopl xtopology nonstop_tsc aperfmperf eagerfpu pni pclmulqdq dtes64 monitor ds_cpl vmx smx est tm2 ssse3 sdbg fma cx16 xtpr pdcm pcid sse4_1 sse4_2 x2apic movbe popcnt tsc_deadline_timer aes xsave avx f16c rdrand lahf_lm abm epb invpcid_single kaiser tpr_shadow vnmi flexpriority ept vpid fsgsbase tsc_adjust bmi1 avx2 smep bmi2 erms invpcid xsaveopt dtherm ida arat pln pts
bugs		:
bogomips	: 6385.37
clflush size	: 64
cache_alignment	: 64
address sizes	: 39 bits physical, 48 bits virtual
power management:

processor	: 4
vendor_id	: GenuineIntel
cpu family	: 6
model		: 60
model name	: Intel(R) Core(TM) i7-4790S CPU @ 3.20GHz
stepping	: 3
microcode	: 0x1d
cpu MHz		: 2129.296
cache size	: 8192 KB
physical id	: 0
siblings	: 8
core id		: 0
cpu cores	: 4
apicid		: 1
initial apicid	: 1
fpu		: yes
fpu_exception	: yes
cpuid level	: 13
wp		: yes
flags		: fpu vme de pse tsc msr pae mce cx8 apic sep mtrr pge mca cmov pat pse36 clflush dts acpi mmx fxsr sse sse2 ss ht tm pbe syscall nx pdpe1gb rdtscp lm constant_tsc arch_perfmon pebs bts rep_good nopl xtopology nonstop_tsc aperfmperf eagerfpu pni pclmulqdq dtes64 monitor ds_cpl vmx smx est tm2 ssse3 sdbg fma cx16 xtpr pdcm pcid sse4_1 sse4_2 x2apic movbe popcnt tsc_deadline_timer aes xsave avx f16c rdrand lahf_lm abm epb invpcid_single kaiser tpr_shadow vnmi flexpriority ept vpid fsgsbase tsc_adjust bmi1 avx2 smep bmi2 erms invpcid xsaveopt dtherm ida arat pln pts
bugs		:
bogomips	: 6385.37
clflush size	: 64
cache_alignment	: 64
address sizes	: 39 bits physical, 48 bits virtual
power management:

processor	: 5
vendor_id	: GenuineIntel
cpu family	: 6
model		: 60
model name	: Intel(R) Core(TM) i7-4790S CPU @ 3.20GHz
stepping	: 3
microcode	: 0x1d
cpu MHz		: 3238.867
cache size	: 8192 KB
physical id	: 0
siblings	: 8
core id		: 1
cpu cores	: 4
apicid		: 3
initial apicid	: 3
fpu		: yes
fpu_exception	: yes
cpuid level	: 13
wp		: yes
flags		: fpu vme de pse tsc msr pae mce cx8 apic sep mtrr pge mca cmov pat pse36 clflush dts acpi mmx fxsr sse sse2 ss ht tm pbe syscall nx pdpe1gb rdtscp lm constant_tsc arch_perfmon pebs bts rep_good nopl xtopology nonstop_tsc aperfmperf eagerfpu pni pclmulqdq dtes64 monitor ds_cpl vmx smx est tm2 ssse3 sdbg fma cx16 xtpr pdcm pcid sse4_1 sse4_2 x2apic movbe popcnt tsc_deadline_timer aes xsave avx f16c rdrand lahf_lm abm epb invpcid_single kaiser tpr_shadow vnmi flexpriority ept vpid fsgsbase tsc_adjust bmi1 avx2 smep bmi2 erms invpcid xsaveopt dtherm ida arat pln pts
bugs		:
bogomips	: 6385.37
clflush size	: 64
cache_alignment	: 64
address sizes	: 39 bits physical, 48 bits virtual
power management:

processor	: 6
vendor_id	: GenuineIntel
cpu family	: 6
model		: 60
model name	: Intel(R) Core(TM) i7-4790S CPU @ 3.20GHz
stepping	: 3
microcode	: 0x1d
cpu MHz		: 3005.273
cache size	: 8192 KB
physical id	: 0
siblings	: 8
core id		: 2
cpu cores	: 4
apicid		: 5
initial apicid	: 5
fpu		: yes
fpu_exception	: yes
cpuid level	: 13
wp		: yes
flags		: fpu vme de pse tsc msr pae mce cx8 apic sep mtrr pge mca cmov pat pse36 clflush dts acpi mmx fxsr sse sse2 ss ht tm pbe syscall nx pdpe1gb rdtscp lm constant_tsc arch_perfmon pebs bts rep_good nopl xtopology nonstop_tsc aperfmperf eagerfpu pni pclmulqdq dtes64 monitor ds_cpl vmx smx est tm2 ssse3 sdbg fma cx16 xtpr pdcm pcid sse4_1 sse4_2 x2apic movbe popcnt tsc_deadline_timer aes xsave avx f16c rdrand lahf_lm abm epb invpcid_single kaiser tpr_shadow vnmi flexpriority ept vpid fsgsbase tsc_adjust bmi1 avx2 smep bmi2 erms invpcid xsaveopt dtherm ida arat pln pts
bugs		:
bogomips	: 6385.37
clflush size	: 64
cache_alignment	: 64
address sizes	: 39 bits physical, 48 bits virtual
power management:

processor	: 7
vendor_id	: GenuineIntel
cpu family	: 6
model		: 60
model name	: Intel(R) Core(TM) i7-4790S CPU @ 3.20GHz
stepping	: 3
microcode	: 0x1d
cpu MHz		: 2546.875
cache size	: 8192 KB
physical id	: 0
siblings	: 8
core id		: 3
cpu cores	: 4
apicid		: 7
initial apicid	: 7
fpu		: yes
fpu_exception	: yes
cpuid level	: 13
wp		: yes
flags		: fpu vme de pse tsc msr pae mce cx8 apic sep mtrr pge mca cmov pat pse36 clflush dts acpi mmx fxsr sse sse2 ss ht tm pbe syscall nx pdpe1gb rdtscp lm constant_tsc arch_perfmon pebs bts rep_good nopl xtopology nonstop_tsc aperfmperf eagerfpu pni pclmulqdq dtes64 monitor ds_cpl vmx smx est tm2 ssse3 sdbg fma cx16 xtpr pdcm pcid sse4_1 sse4_2 x2apic movbe popcnt tsc_deadline_timer aes xsave avx f16c rdrand lahf_lm abm epb invpcid_single kaiser tpr_shadow vnmi flexpriority ept vpid fsgsbase tsc_adjust bmi1 avx2 smep bmi2 erms invpcid xsaveopt dtherm ida arat pln pts
bugs		:
bogomips	: 6385.37
clflush size	: 64
cache_alignment	: 64
address sizes	: 39 bits physical, 48 bits virtual
power management:



Memory: 4k page, physical 8090116k(120332k free), swap 0k(0k free)

vm_info: Java HotSpot(TM) 64-Bit Server VM (25.151-b12) for linux-amd64 JRE (1.8.0_151-b12), built on Sep  5 2017 19:20:58 by "java_re" with gcc 4.3.0 20080428 (Red Hat 4.3.0-8)

time: Thu Jan 18 13:31:00 2018
elapsed time: 5 seconds (0d 0h 0m 5s)

